<?xml version="1.0" encoding="UTF-8"?>
<!-- Generated by org.testng.reporters.JUnitReportReporter -->
<testsuite skipped="1" hostname="DEND0131" name="Parallel01IT" tests="1" failures="0" timestamp="08 Aug 2019 09:12:06 GMT" time="0.149" errors="0">
  <testcase name="runScenario" time="0.149" classname="Parallel01IT">
    <skipped/>
  </testcase> <!-- runScenario -->
</testsuite> <!-- Parallel01IT -->
